[08:25:21] [Server thread/INFO]: Starting minecraft server version 1.12.2
[08:25:21] [Server thread/INFO]: Loading properties
[08:25:21] [Server console handler/ERROR]: Exception handling console input
java.io.IOException: The handle is invalid
	at java.io.FileInputStream.readBytes(Native Method) ~[?:?]
	at java.io.FileInputStream.read(FileInputStream.java:276) ~[?:?]
	at java.io.BufferedInputStream.read1(BufferedInputStream.java:282) ~[?:?]
	at java.io.BufferedInputStream.read(BufferedInputStream.java:343) ~[?:?]
	at sun.nio.cs.StreamDecoder.readBytes(StreamDecoder.java:270) ~[?:?]
	at sun.nio.cs.StreamDecoder.implRead(StreamDecoder.java:313) ~[?:?]
	at sun.nio.cs.StreamDecoder.read(StreamDecoder.java:188) ~[?:?]
	at java.io.InputStreamReader.read(InputStreamReader.java:177) ~[?:?]
	at java.io.BufferedReader.fill(BufferedReader.java:162) ~[?:?]
	at java.io.BufferedReader.readLine(BufferedReader.java:329) ~[?:?]
	at java.io.BufferedReader.readLine(BufferedReader.java:396) ~[?:?]
	at nz$2.run(SourceFile:100) [minecraft_server.1.12.2.jar:?]
[08:25:21] [Server thread/INFO]: Default game type: SURVIVAL
[08:25:21] [Server thread/INFO]: Generating keypair
[08:25:22] [Server thread/INFO]: Starting Minecraft server on *:25565
[08:25:22] [Server thread/INFO]: Using default channel type
[08:25:22] [Server thread/INFO]: Preparing level "world"
[08:25:22] [Server thread/INFO]: Loaded 488 advancements
[08:25:22] [Server thread/INFO]: Preparing start region for level 0
[08:25:23] [Server thread/INFO]: Preparing spawn area: 13%
[08:25:24] [Server thread/INFO]: Preparing spawn area: 33%
[08:25:25] [Server thread/INFO]: Preparing spawn area: 59%
[08:25:26] [Server thread/INFO]: Preparing spawn area: 87%
[08:25:27] [Server thread/INFO]: Done (5.024s)! For help, type "help" or "?"
[08:25:45] [Server thread/INFO]: Stopping the server
[08:25:45] [Server thread/INFO]: Stopping server
[08:25:45] [Server thread/INFO]: Saving players
[08:25:45] [Server thread/INFO]: Saving worlds
[08:25:45] [Server thread/INFO]: Saving chunks for level 'world'/overworld
[08:25:45] [Server thread/INFO]: Saving chunks for level 'world'/the_nether
[08:25:45] [Server thread/INFO]: Saving chunks for level 'world'/the_end
[08:25:46] [Server Shutdown Thread/INFO]: Stopping server
