[PREINITIALIZATION][SERVER][INFO] Thank you to the Patreon supporters below and others who make CraftTweaker possible!
JDaddy
Ncc1702
DreamThorn
TriosGaminG Pro
Niketats
Barrier
Robijnvogel
Belathus
Pongo Sapiens
AdaraChristine
Tyrone McLean
Brønsted
Psyberition
NickT
Quaternary
Genryu
Spencer Gilbert
WaterMoon
Yamraiha
Peregrinus11
If you want to support the mod, checkout https://patreon.com/jaredlll08?s=crtmod

[PREINITIALIZATION][SERVER][INFO] Current loaders after merging: [[preinit]]
[PREINITIALIZATION][SERVER][INFO] Loading scripts for loader with names [preinit]
[PREINITIALIZATION][SERVER][INFO] [preinit | SIDE_SERVER]: Skipping file {[0:crafttweaker]: recipes.zs} as we are currently loading with a different loader
[PREINITIALIZATION][SERVER][INFO] Completed script loading in: 1ms
[INITIALIZATION][SERVER][INFO] CraftTweaker: Building registry
[INITIALIZATION][SERVER][INFO] CraftTweaker: Successfully built item registry
[INITIALIZATION][SERVER][INFO] Current loaders after merging: [[preinit], [recipeevent | crafttweaker]]
[INITIALIZATION][SERVER][INFO] Loading scripts for loader with names [crafttweaker | recipeevent]
[INITIALIZATION][SERVER][INFO] [crafttweaker | SIDE_SERVER]: Loading Script: {[0:crafttweaker]: recipes.zs}
[INITIALIZATION][SERVER][ERROR] [crafttweaker | SIDE_SERVER]: Error parsing recipes.zs:20 -- ) expected
[INITIALIZATION][SERVER][INFO] Completed script loading in: 186ms
[POSTINITIALIZATION][SERVER][INFO] Removing recipes for various outputs
